<?xml version="1.0" encoding="UTF-8"?>
<!-- Generated by org.testng.reporters.JUnitReportReporter -->
<testsuite hostname="DESKTOP-R6249JK" failures="0" tests="1" name="mavoo.createuserTest" time="0.026" errors="0" timestamp="26 Oct 2021 17:28:48 GMT" skipped="0">
  <testcase classname="mavoo.createuserTest" name="createuserTest" time="0.026"/>
</testsuite> <!-- mavoo.createuserTest -->
