<?xml version="1.0" encoding="UTF-8"?>
<!-- Generated by org.testng.reporters.JUnitReportReporter -->
<testsuite hostname="DESKTOP-R6249JK" failures="0" tests="1" name="vTiger.createorganizationwithIndustry" time="23.835" errors="0" timestamp="2021-11-01T21:49:30 IST" skipped="0">
  <testcase classname="vTiger.createorganizationwithIndustry" name="createorganizationTest" time="23.835"/>
  <system-out/>
</testsuite> <!-- vTiger.createorganizationwithIndustry -->
