<?xml version="1.0" encoding="UTF-8"?>
<!-- Generated by org.testng.reporters.JUnitReportReporter -->
<testsuite hostname="DESKTOP-R6249JK" failures="0" tests="1" name="tigerContacts.Contact20" time="7.855" errors="0" timestamp="2021-11-02T15:09:05 IST" skipped="0">
  <testcase classname="tigerContacts.Contact20" name="contact" time="7.855"/>
  <system-out/>
</testsuite> <!-- tigerContacts.Contact20 -->
