<?xml version="1.0" encoding="UTF-8"?>
<!-- Generated by org.testng.reporters.JUnitReportReporter -->
<testsuite hostname="DESKTOP-R6249JK" failures="0" tests="9" name="vTiger.Priority" time="0.037" errors="0" timestamp="2021-11-01T17:05:29 IST" skipped="0">
  <testcase classname="vTiger.Priority" name="publiity" time="0.004"/>
  <system-out/>
  <testcase classname="vTiger.Priority" name="priority" time="0.014"/>
  <system-out/>
  <testcase classname="vTiger.Priority" name="capacity" time="0.004"/>
  <system-out/>
  <testcase classname="vTiger.Priority" name="cat" time="0.003"/>
  <system-out/>
  <testcase classname="vTiger.Priority" name="dog" time="0.003"/>
  <system-out/>
  <testcase classname="vTiger.Priority" name="dog" time="0.004"/>
  <system-out/>
  <testcase classname="vTiger.Priority" name="dog" time="0.001"/>
  <system-out/>
  <testcase classname="vTiger.Priority" name="dog" time="0.002"/>
  <system-out/>
  <testcase classname="vTiger.Priority" name="dog" time="0.002"/>
  <system-out/>
</testsuite> <!-- vTiger.Priority -->
