<?xml version="1.0" encoding="UTF-8"?>
<!-- Generated by org.testng.reporters.JUnitReportReporter -->
<testsuite hostname="DESKTOP-R6249JK" failures="0" tests="1" name="tigerContacts.Contact19" time="44.238" errors="0" timestamp="2021-11-02T14:55:46 IST" skipped="0">
  <testcase classname="tigerContacts.Contact19" name="contact19" time="44.238"/>
  <system-out/>
</testsuite> <!-- tigerContacts.Contact19 -->
