<?xml version="1.0" encoding="UTF-8"?>
<!-- Generated by org.testng.reporters.JUnitReportReporter -->
<testsuite hostname="DESKTOP-R6249JK" failures="0" tests="1" name="JDBC.executeQueryy" time="1.644" errors="0" timestamp="2021-10-28T21:39:29 IST" skipped="0">
  <testcase classname="JDBC.executeQueryy" name="executequereytest" time="1.644"/>
  <system-out/>
</testsuite> <!-- JDBC.executeQueryy -->
