<?xml version="1.0" encoding="UTF-8"?>
<!-- Generated by org.testng.reporters.JUnitReportReporter -->
<testsuite hostname="DESKTOP-R6249JK" failures="0" tests="1" name="vTiger.createorganizationTest" time="40.991" errors="0" timestamp="2021-11-01T17:30:28 IST" skipped="0">
  <testcase classname="vTiger.createorganizationTest" name="createorganizationTest" time="40.991"/>
  <system-out>
    <![CDATA[Organisation Created
verificationpassed ]]>
  </system-out>
</testsuite> <!-- vTiger.createorganizationTest -->
