<?xml version="1.0" encoding="UTF-8"?>
<!-- Generated by org.testng.reporters.JUnitReportReporter -->
<testsuite hostname="DESKTOP-R6249JK" failures="0" tests="1" name="JDBC.exexuteQuerey1" time="1.258" errors="0" timestamp="27 Oct 2021 15:46:45 GMT" skipped="0">
  <testcase classname="JDBC.exexuteQuerey1" name="executequerey" time="1.258"/>
</testsuite> <!-- JDBC.exexuteQuerey1 -->
