<?xml version="1.0" encoding="UTF-8"?>
<!-- Generated by org.testng.reporters.JUnitReportReporter -->
<testsuite hostname="DESKTOP-R6249JK" failures="0" tests="1" name="Practice.Html" time="28.444" errors="0" timestamp="2021-11-10T23:11:03 IST" skipped="0">
  <testcase classname="Practice.Html" name="html" time="28.444"/>
  <system-out/>
</testsuite> <!-- Practice.Html -->
