<?xml version="1.0" encoding="UTF-8"?>
<!-- Generated by org.testng.reporters.JUnitReportReporter -->
<testsuite hostname="DESKTOP-R6249JK" failures="0" tests="1" name="Practice.Vtiger" time="52.249" errors="0" timestamp="2021-11-11T17:53:43 IST" skipped="0">
  <testcase classname="Practice.Vtiger" name="vtiger" time="52.249"/>
  <system-out/>
</testsuite> <!-- Practice.Vtiger -->
