<?xml version="1.0" encoding="UTF-8"?>
<!-- Generated by org.testng.reporters.JUnitReportReporter -->
<testsuite hostname="DESKTOP-R6249JK" failures="0" tests="1" name="vTiger.Vtigertest" time="130.220" errors="0" timestamp="2021-11-10T16:24:54 IST" skipped="0">
  <testcase classname="vTiger.Vtigertest" name="vtigertest" time="130.220"/>
  <system-out/>
</testsuite> <!-- vTiger.Vtigertest -->
