<?xml version="1.0" encoding="UTF-8"?>
<!-- Generated by org.testng.reporters.JUnitReportReporter -->
<testsuite hostname="DESKTOP-R6249JK" failures="0" tests="1" name="vTiger.createoorganizationTsst" time="26.235" errors="0" timestamp="2021-11-01T21:06:44 IST" skipped="0">
  <testcase classname="vTiger.createoorganizationTsst" name="createorganozationTest" time="26.235"/>
  <system-out/>
</testsuite> <!-- vTiger.createoorganizationTsst -->
