<?xml version="1.0" encoding="UTF-8"?>
<!-- Generated by org.testng.reporters.JUnitReportReporter -->
<testsuite hostname="DESKTOP-R6249JK" failures="0" tests="1" name="mavoo.createcustomerTest" time="0.020" errors="0" timestamp="27 Oct 2021 03:11:19 GMT" skipped="0">
  <testcase classname="mavoo.createcustomerTest" name="createcustomerTest" time="0.020"/>
</testsuite> <!-- mavoo.createcustomerTest -->
