<?xml version="1.0" encoding="UTF-8"?>
<!-- Generated by org.testng.reporters.JUnitReportReporter -->
<testsuite hostname="DESKTOP-R6249JK" failures="0" tests="1" name="Practice.Gotoamazon" time="43.753" errors="0" timestamp="2021-11-10T11:16:54 IST" skipped="0">
  <testcase classname="Practice.Gotoamazon" name="gotoamazon" time="43.753"/>
  <system-out/>
</testsuite> <!-- Practice.Gotoamazon -->
