<?xml version="1.0" encoding="UTF-8"?>
<!-- Generated by org.testng.reporters.JUnitReportReporter -->
<testsuite hostname="DESKTOP-R6249JK" failures="0" tests="1" name="createOrganization" time="0.012" errors="0" timestamp="2021-11-01T11:55:38 IST" skipped="0">
  <testcase classname="createOrganization" name="createOrganization" time="0.012"/>
  <system-out/>
</testsuite> <!-- createOrganization -->
