<?xml version="1.0" encoding="UTF-8"?>
<!-- Generated by org.testng.reporters.JUnitReportReporter -->
<testsuite hostname="DESKTOP-R6249JK" failures="0" tests="1" name="vTiger.organizationName" time="35.896" errors="0" timestamp="2021-11-01T21:42:30 IST" skipped="0">
  <testcase classname="vTiger.organizationName" name="name" time="35.896"/>
  <system-out/>
</testsuite> <!-- vTiger.organizationName -->
