<?xml version="1.0" encoding="UTF-8"?>
<!-- Generated by org.testng.reporters.JUnitReportReporter -->
<testsuite hostname="DESKTOP-R6249JK" failures="0" tests="1" name="JDBC.executeQuerey" time="2.092" errors="0" timestamp="2021-10-28T21:10:58 IST" skipped="0">
  <testcase classname="JDBC.executeQuerey" name="executequerey" time="2.092"/>
  <system-out/>
</testsuite> <!-- JDBC.executeQuerey -->
