<?xml version="1.0" encoding="UTF-8"?>
<!-- Generated by org.testng.reporters.JUnitReportReporter -->
<testsuite hostname="DESKTOP-R6249JK" failures="0" tests="1" name="JDBC.executeQuerey2" time="0.551" errors="0" timestamp="27 Oct 2021 16:33:28 GMT" skipped="0">
  <testcase classname="JDBC.executeQuerey2" name="executeQuerey" time="0.551"/>
</testsuite> <!-- JDBC.executeQuerey2 -->
