<?xml version="1.0" encoding="UTF-8"?>
<!-- Generated by org.testng.reporters.JUnitReportReporter -->
<testsuite hostname="DESKTOP-R6249JK" failures="0" tests="1" name="vTiger.createcontactwithOrganization" time="38.724" errors="0" timestamp="2021-11-01T20:58:01 IST" skipped="0">
  <testcase classname="vTiger.createcontactwithOrganization" name="createcontactTest" time="38.724"/>
  <system-out/>
</testsuite> <!-- vTiger.createcontactwithOrganization -->
