<?xml version="1.0" encoding="UTF-8"?>
<!-- Generated by org.testng.reporters.JUnitReportReporter -->
<testsuite hostname="DESKTOP-R6249JK" failures="0" tests="1" name="JDBC.executeUpdate" time="0.802" errors="0" timestamp="2021-10-28T21:57:48 IST" skipped="0">
  <testcase classname="JDBC.executeUpdate" name="executeupdateTest" time="0.802"/>
  <system-out/>
</testsuite> <!-- JDBC.executeUpdate -->
