<?xml version="1.0" encoding="UTF-8"?>
<!-- Generated by org.testng.reporters.JUnitReportReporter -->
<testsuite hostname="DESKTOP-R6249JK" failures="0" tests="3" name="vTiger.dataProvider" time="0.032" errors="0" timestamp="2021-11-10T20:20:20 IST" skipped="0">
  <testcase classname="vTiger.dataProvider" name="getData" time="0.017"/>
  <system-out/>
  <testcase classname="vTiger.dataProvider" name="getData" time="0.008"/>
  <system-out/>
  <testcase classname="vTiger.dataProvider" name="getData" time="0.007"/>
  <system-out/>
</testsuite> <!-- vTiger.dataProvider -->
