<?xml version="1.0" encoding="UTF-8"?>
<!-- Generated by org.testng.reporters.JUnitReportReporter -->
<testsuite hostname="DESKTOP-R6249JK" failures="0" tests="1" name="Practice.Mmt" time="31.359" errors="0" timestamp="2021-11-11T13:11:36 IST" skipped="0">
  <testcase classname="Practice.Mmt" name="mmt" time="31.359"/>
  <system-out/>
</testsuite> <!-- Practice.Mmt -->
