<?xml version="1.0" encoding="UTF-8"?>
<!-- Generated by org.testng.reporters.JUnitReportReporter -->
<testsuite hostname="DESKTOP-R6249JK" failures="0" tests="1" name="JDBC.verifytheTables" time="0.489" errors="0" timestamp="2021-10-28T22:04:27 IST" skipped="0">
  <testcase classname="JDBC.verifytheTables" name="executeupdate" time="0.489"/>
  <system-out/>
</testsuite> <!-- JDBC.verifytheTables -->
